{"C:\\Users\\user\\Desktop\\programming\\Talky\\backend\\src\\index.ts": {"path":"C:\\Users\\user\\Desktop\\programming\\Talky\\backend\\src\\index.ts","statementMap":{"0":{"start":{"line":1,"column":0},"end":{"line":1,"column":24}},"1":{"start":{"line":2,"column":0},"end":{"line":2,"column":57}},"2":{"start":{"line":6,"column":0},"end":{"line":6,"column":47}},"3":{"start":{"line":7,"column":0},"end":{"line":7,"column":48}},"4":{"start":{"line":8,"column":0},"end":{"line":8,"column":52}},"5":{"start":{"line":9,"column":0},"end":{"line":9,"column":54}},"6":{"start":{"line":10,"column":0},"end":{"line":10,"column":62}},"7":{"start":{"line":11,"column":0},"end":{"line":11,"column":55}},"8":{"start":{"line":14,"column":12},"end":{"line":14,"column":16}},"9":{"start":{"line":16,"column":11},"end":{"line":16,"column":20}},"10":{"start":{"line":17,"column":0},"end":{"line":17,"column":null}},"11":{"start":{"line":18,"column":0},"end":{"line":18,"column":null}},"12":{"start":{"line":22,"column":0},"end":{"line":24,"column":null}},"13":{"start":{"line":23,"column":5},"end":{"line":23,"column":61}},"14":{"start":{"line":26,"column":0},"end":{"line":26,"column":null}},"15":{"start":{"line":27,"column":0},"end":{"line":27,"column":null}},"16":{"start":{"line":28,"column":0},"end":{"line":28,"column":null}},"17":{"start":{"line":29,"column":0},"end":{"line":29,"column":null}},"18":{"start":{"line":30,"column":0},"end":{"line":30,"column":null}},"19":{"start":{"line":31,"column":0},"end":{"line":31,"column":null}},"20":{"start":{"line":36,"column":0},"end":{"line":38,"column":null}},"21":{"start":{"line":37,"column":4},"end":{"line":37,"column":null}},"22":{"start":{"line":40,"column":0},"end":{"line":40,"column":null}}},"fnMap":{"0":{"name":"(anonymous_7)","decl":{"start":{"line":22,"column":12},"end":{"line":22,"column":13}},"loc":{"start":{"line":22,"column":40},"end":{"line":24,"column":1}}},"1":{"name":"(anonymous_8)","decl":{"start":{"line":36,"column":16},"end":{"line":36,"column":18}},"loc":{"start":{"line":36,"column":20},"end":{"line":38,"column":1}}}},"branchMap":{},"s":{"0":2,"1":2,"2":2,"3":2,"4":2,"5":2,"6":2,"7":2,"8":2,"9":2,"10":2,"11":2,"12":2,"13":0,"14":2,"15":2,"16":2,"17":2,"18":2,"19":2,"20":2,"21":1,"22":2},"f":{"0":0,"1":1},"b":{}}
,"C:\\Users\\user\\Desktop\\programming\\Talky\\backend\\src\\config\\dbConfig.ts": {"path":"C:\\Users\\user\\Desktop\\programming\\Talky\\backend\\src\\config\\dbConfig.ts","statementMap":{"0":{"start":{"line":1,"column":0},"end":{"line":1,"column":32}},"1":{"start":{"line":3,"column":0},"end":{"line":3,"column":18}},"2":{"start":{"line":7,"column":13},"end":{"line":21,"column":null}}},"fnMap":{},"branchMap":{},"s":{"0":2,"1":2,"2":2},"f":{},"b":{}}
,"C:\\Users\\user\\Desktop\\programming\\Talky\\backend\\src\\config\\nodeMailer.config.ts": {"path":"C:\\Users\\user\\Desktop\\programming\\Talky\\backend\\src\\config\\nodeMailer.config.ts","statementMap":{"0":{"start":{"line":1,"column":0},"end":{"line":1,"column":32}},"1":{"start":{"line":4,"column":0},"end":{"line":4,"column":18}},"2":{"start":{"line":7,"column":17},"end":{"line":16,"column":null}},"3":{"start":{"line":18,"column":2},"end":{"line":18,"column":null}}},"fnMap":{},"branchMap":{"0":{"loc":{"start":{"line":13,"column":14},"end":{"line":13,"column":70}},"type":"binary-expr","locations":[{"start":{"line":13,"column":14},"end":{"line":13,"column":41}},{"start":{"line":13,"column":44},"end":{"line":13,"column":70}}]},"1":{"loc":{"start":{"line":14,"column":14},"end":{"line":14,"column":71}},"type":"binary-expr","locations":[{"start":{"line":14,"column":14},"end":{"line":14,"column":50}},{"start":{"line":14,"column":53},"end":{"line":14,"column":71}}]}},"s":{"0":2,"1":2,"2":2,"3":2},"f":{},"b":{"0":[2,0],"1":[2,0]}}
,"C:\\Users\\user\\Desktop\\programming\\Talky\\backend\\src\\controllers\\comments.controllers.ts": {"path":"C:\\Users\\user\\Desktop\\programming\\Talky\\backend\\src\\controllers\\comments.controllers.ts","statementMap":{"0":{"start":{"line":1,"column":0},"end":{"line":1,"column":25}},"1":{"start":{"line":5,"column":0},"end":{"line":5,"column":60}},"2":{"start":{"line":12,"column":29},"end":{"line":41,"column":1}},"3":{"start":{"line":13,"column":4},"end":{"line":38,"column":5}},"4":{"start":{"line":14,"column":19},"end":{"line":14,"column":23}},"5":{"start":{"line":15,"column":23},"end":{"line":15,"column":46}},"6":{"start":{"line":16,"column":27},"end":{"line":16,"column":37}},"7":{"start":{"line":18,"column":35},"end":{"line":18,"column":43}},"8":{"start":{"line":19,"column":8},"end":{"line":19,"column":null}},"9":{"start":{"line":21,"column":8},"end":{"line":23,"column":9}},"10":{"start":{"line":22,"column":12},"end":{"line":22,"column":null}},"11":{"start":{"line":25,"column":24},"end":{"line":25,"column":90}},"12":{"start":{"line":26,"column":8},"end":{"line":26,"column":null}},"13":{"start":{"line":28,"column":8},"end":{"line":30,"column":9}},"14":{"start":{"line":29,"column":12},"end":{"line":29,"column":null}},"15":{"start":{"line":32,"column":21},"end":{"line":32,"column":103}},"16":{"start":{"line":33,"column":8},"end":{"line":33,"column":null}},"17":{"start":{"line":34,"column":8},"end":{"line":34,"column":null}},"18":{"start":{"line":37,"column":8},"end":{"line":37,"column":null}},"19":{"start":{"line":12,"column":13},"end":{"line":12,"column":29}},"20":{"start":{"line":44,"column":33},"end":{"line":61,"column":1}},"21":{"start":{"line":45,"column":4},"end":{"line":58,"column":5}},"22":{"start":{"line":46,"column":19},"end":{"line":46,"column":23}},"23":{"start":{"line":48,"column":23},"end":{"line":48,"column":46}},"24":{"start":{"line":49,"column":36},"end":{"line":49,"column":46}},"25":{"start":{"line":50,"column":43},"end":{"line":50,"column":51}},"26":{"start":{"line":52,"column":21},"end":{"line":52,"column":124}},"27":{"start":{"line":53,"column":8},"end":{"line":53,"column":null}},"28":{"start":{"line":54,"column":8},"end":{"line":54,"column":null}},"29":{"start":{"line":57,"column":8},"end":{"line":57,"column":null}},"30":{"start":{"line":44,"column":13},"end":{"line":44,"column":33}},"31":{"start":{"line":64,"column":30},"end":{"line":83,"column":1}},"32":{"start":{"line":65,"column":4},"end":{"line":82,"column":5}},"33":{"start":{"line":66,"column":27},"end":{"line":66,"column":37}},"34":{"start":{"line":68,"column":24},"end":{"line":68,"column":90}},"35":{"start":{"line":69,"column":8},"end":{"line":69,"column":null}},"36":{"start":{"line":71,"column":8},"end":{"line":73,"column":9}},"37":{"start":{"line":72,"column":12},"end":{"line":72,"column":null}},"38":{"start":{"line":75,"column":53},"end":{"line":75,"column":120}},"39":{"start":{"line":76,"column":8},"end":{"line":76,"column":82}},"40":{"start":{"line":76,"column":25},"end":{"line":76,"column":81}},"41":{"start":{"line":78,"column":8},"end":{"line":78,"column":null}},"42":{"start":{"line":80,"column":8},"end":{"line":80,"column":null}},"43":{"start":{"line":64,"column":13},"end":{"line":64,"column":30}},"44":{"start":{"line":85,"column":31},"end":{"line":96,"column":1}},"45":{"start":{"line":86,"column":4},"end":{"line":95,"column":5}},"46":{"start":{"line":87,"column":23},"end":{"line":87,"column":33}},"47":{"start":{"line":88,"column":49},"end":{"line":88,"column":112}},"48":{"start":{"line":89,"column":8},"end":{"line":89,"column":82}},"49":{"start":{"line":89,"column":25},"end":{"line":89,"column":81}},"50":{"start":{"line":91,"column":8},"end":{"line":91,"column":null}},"51":{"start":{"line":93,"column":8},"end":{"line":93,"column":null}},"52":{"start":{"line":85,"column":13},"end":{"line":85,"column":31}},"53":{"start":{"line":100,"column":29},"end":{"line":118,"column":1}},"54":{"start":{"line":101,"column":4},"end":{"line":117,"column":5}},"55":{"start":{"line":102,"column":21},"end":{"line":102,"column":44}},"56":{"start":{"line":103,"column":21},"end":{"line":103,"column":31}},"57":{"start":{"line":104,"column":22},"end":{"line":104,"column":73}},"58":{"start":{"line":105,"column":8},"end":{"line":105,"column":null}},"59":{"start":{"line":106,"column":8},"end":{"line":106,"column":87}},"60":{"start":{"line":106,"column":24},"end":{"line":106,"column":86}},"61":{"start":{"line":109,"column":21},"end":{"line":109,"column":79}},"62":{"start":{"line":110,"column":8},"end":{"line":110,"column":null}},"63":{"start":{"line":111,"column":8},"end":{"line":111,"column":null}},"64":{"start":{"line":116,"column":8},"end":{"line":116,"column":null}},"65":{"start":{"line":100,"column":13},"end":{"line":100,"column":29}}},"fnMap":{"0":{"name":"(anonymous_1)","decl":{"start":{"line":12,"column":29},"end":{"line":12,"column":34}},"loc":{"start":{"line":12,"column":72},"end":{"line":41,"column":1}}},"1":{"name":"(anonymous_2)","decl":{"start":{"line":44,"column":33},"end":{"line":44,"column":38}},"loc":{"start":{"line":44,"column":76},"end":{"line":61,"column":1}}},"2":{"name":"(anonymous_3)","decl":{"start":{"line":64,"column":30},"end":{"line":64,"column":35}},"loc":{"start":{"line":64,"column":68},"end":{"line":83,"column":1}}},"3":{"name":"(anonymous_4)","decl":{"start":{"line":85,"column":31},"end":{"line":85,"column":36}},"loc":{"start":{"line":85,"column":69},"end":{"line":96,"column":1}}},"4":{"name":"(anonymous_5)","decl":{"start":{"line":100,"column":29},"end":{"line":100,"column":34}},"loc":{"start":{"line":100,"column":72},"end":{"line":118,"column":1}}}},"branchMap":{"0":{"loc":{"start":{"line":15,"column":23},"end":{"line":15,"column":46}},"type":"cond-expr","locations":[{"start":{"line":15,"column":32},"end":{"line":15,"column":34}},{"start":{"line":15,"column":32},"end":{"line":15,"column":46}}]},"1":{"loc":{"start":{"line":15,"column":23},"end":{"line":15,"column":34}},"type":"binary-expr","locations":[{"start":{"line":15,"column":23},"end":{"line":15,"column":34}},{"start":{"line":15,"column":32},"end":{"line":15,"column":34}}]},"2":{"loc":{"start":{"line":21,"column":8},"end":{"line":23,"column":9}},"type":"if","locations":[{"start":{"line":21,"column":8},"end":{"line":23,"column":9}}]},"3":{"loc":{"start":{"line":28,"column":8},"end":{"line":30,"column":9}},"type":"if","locations":[{"start":{"line":28,"column":8},"end":{"line":30,"column":9}}]},"4":{"loc":{"start":{"line":48,"column":23},"end":{"line":48,"column":46}},"type":"cond-expr","locations":[{"start":{"line":48,"column":32},"end":{"line":48,"column":34}},{"start":{"line":48,"column":32},"end":{"line":48,"column":46}}]},"5":{"loc":{"start":{"line":48,"column":23},"end":{"line":48,"column":34}},"type":"binary-expr","locations":[{"start":{"line":48,"column":23},"end":{"line":48,"column":34}},{"start":{"line":48,"column":32},"end":{"line":48,"column":34}}]},"6":{"loc":{"start":{"line":71,"column":8},"end":{"line":73,"column":9}},"type":"if","locations":[{"start":{"line":71,"column":8},"end":{"line":73,"column":9}}]},"7":{"loc":{"start":{"line":76,"column":8},"end":{"line":76,"column":82}},"type":"if","locations":[{"start":{"line":76,"column":8},"end":{"line":76,"column":82}}]},"8":{"loc":{"start":{"line":89,"column":8},"end":{"line":89,"column":82}},"type":"if","locations":[{"start":{"line":89,"column":8},"end":{"line":89,"column":82}}]},"9":{"loc":{"start":{"line":102,"column":21},"end":{"line":102,"column":44}},"type":"cond-expr","locations":[{"start":{"line":102,"column":30},"end":{"line":102,"column":32}},{"start":{"line":102,"column":30},"end":{"line":102,"column":44}}]},"10":{"loc":{"start":{"line":102,"column":21},"end":{"line":102,"column":32}},"type":"binary-expr","locations":[{"start":{"line":102,"column":21},"end":{"line":102,"column":32}},{"start":{"line":102,"column":30},"end":{"line":102,"column":32}}]},"11":{"loc":{"start":{"line":106,"column":8},"end":{"line":106,"column":87}},"type":"if","locations":[{"start":{"line":106,"column":8},"end":{"line":106,"column":87}}]}},"s":{"0":2,"1":2,"2":2,"3":0,"4":0,"5":0,"6":0,"7":0,"8":0,"9":0,"10":0,"11":0,"12":0,"13":0,"14":0,"15":0,"16":0,"17":0,"18":0,"19":2,"20":2,"21":0,"22":0,"23":0,"24":0,"25":0,"26":0,"27":0,"28":0,"29":0,"30":2,"31":2,"32":0,"33":0,"34":0,"35":0,"36":0,"37":0,"38":0,"39":0,"40":0,"41":0,"42":0,"43":2,"44":2,"45":0,"46":0,"47":0,"48":0,"49":0,"50":0,"51":0,"52":2,"53":2,"54":0,"55":0,"56":0,"57":0,"58":0,"59":0,"60":0,"61":0,"62":0,"63":0,"64":0,"65":2},"f":{"0":0,"1":0,"2":0,"3":0,"4":0},"b":{"0":[0,0],"1":[0,0],"2":[0],"3":[0],"4":[0,0],"5":[0,0],"6":[0],"7":[0],"8":[0],"9":[0,0],"10":[0,0],"11":[0]}}
,"C:\\Users\\user\\Desktop\\programming\\Talky\\backend\\src\\controllers\\commentsLikes.controller.ts": {"path":"C:\\Users\\user\\Desktop\\programming\\Talky\\backend\\src\\controllers\\commentsLikes.controller.ts","statementMap":{"0":{"start":{"line":1,"column":0},"end":{"line":1,"column":23}},"1":{"start":{"line":5,"column":0},"end":{"line":5,"column":60}},"2":{"start":{"line":11,"column":31},"end":{"line":25,"column":1}},"3":{"start":{"line":12,"column":4},"end":{"line":24,"column":5}},"4":{"start":{"line":13,"column":19},"end":{"line":13,"column":23}},"5":{"start":{"line":14,"column":23},"end":{"line":14,"column":45}},"6":{"start":{"line":15,"column":28},"end":{"line":15,"column":38}},"7":{"start":{"line":17,"column":24},"end":{"line":17,"column":91}},"8":{"start":{"line":19,"column":12},"end":{"line":19,"column":71}},"9":{"start":{"line":23,"column":8},"end":{"line":23,"column":null}},"10":{"start":{"line":11,"column":13},"end":{"line":11,"column":31}},"11":{"start":{"line":27,"column":32},"end":{"line":41,"column":1}},"12":{"start":{"line":28,"column":4},"end":{"line":40,"column":5}},"13":{"start":{"line":31,"column":28},"end":{"line":31,"column":38}},"14":{"start":{"line":33,"column":23},"end":{"line":33,"column":94}},"15":{"start":{"line":35,"column":12},"end":{"line":35,"column":64}},"16":{"start":{"line":39,"column":8},"end":{"line":39,"column":null}},"17":{"start":{"line":27,"column":13},"end":{"line":27,"column":32}}},"fnMap":{"0":{"name":"(anonymous_1)","decl":{"start":{"line":11,"column":31},"end":{"line":11,"column":36}},"loc":{"start":{"line":11,"column":69},"end":{"line":25,"column":1}}},"1":{"name":"(anonymous_2)","decl":{"start":{"line":27,"column":32},"end":{"line":27,"column":37}},"loc":{"start":{"line":27,"column":70},"end":{"line":41,"column":1}}}},"branchMap":{"0":{"loc":{"start":{"line":14,"column":23},"end":{"line":14,"column":45}},"type":"cond-expr","locations":[{"start":{"line":14,"column":31},"end":{"line":14,"column":33}},{"start":{"line":14,"column":31},"end":{"line":14,"column":45}}]},"1":{"loc":{"start":{"line":14,"column":23},"end":{"line":14,"column":33}},"type":"binary-expr","locations":[{"start":{"line":14,"column":23},"end":{"line":14,"column":33}},{"start":{"line":14,"column":31},"end":{"line":14,"column":33}}]}},"s":{"0":2,"1":2,"2":2,"3":0,"4":0,"5":0,"6":0,"7":0,"8":0,"9":0,"10":2,"11":2,"12":0,"13":0,"14":0,"15":0,"16":0,"17":2},"f":{"0":0,"1":0},"b":{"0":[0,0],"1":[0,0]}}
,"C:\\Users\\user\\Desktop\\programming\\Talky\\backend\\src\\controllers\\follower.controller.ts": {"path":"C:\\Users\\user\\Desktop\\programming\\Talky\\backend\\src\\controllers\\follower.controller.ts","statementMap":{"0":{"start":{"line":4,"column":0},"end":{"line":4,"column":60}},"1":{"start":{"line":10,"column":29},"end":{"line":24,"column":1}},"2":{"start":{"line":11,"column":4},"end":{"line":23,"column":5}},"3":{"start":{"line":13,"column":23},"end":{"line":13,"column":46}},"4":{"start":{"line":14,"column":26},"end":{"line":14,"column":36}},"5":{"start":{"line":16,"column":19},"end":{"line":16,"column":88}},"6":{"start":{"line":17,"column":8},"end":{"line":17,"column":null}},"7":{"start":{"line":19,"column":8},"end":{"line":19,"column":null}},"8":{"start":{"line":21,"column":8},"end":{"line":21,"column":null}},"9":{"start":{"line":10,"column":13},"end":{"line":10,"column":29}},"10":{"start":{"line":26,"column":26},"end":{"line":40,"column":1}},"11":{"start":{"line":27,"column":4},"end":{"line":39,"column":5}},"12":{"start":{"line":29,"column":23},"end":{"line":29,"column":46}},"13":{"start":{"line":32,"column":22},"end":{"line":32,"column":88}},"14":{"start":{"line":33,"column":8},"end":{"line":33,"column":null}},"15":{"start":{"line":35,"column":8},"end":{"line":35,"column":null}},"16":{"start":{"line":37,"column":8},"end":{"line":37,"column":null}},"17":{"start":{"line":26,"column":13},"end":{"line":26,"column":26}},"18":{"start":{"line":42,"column":31},"end":{"line":56,"column":1}},"19":{"start":{"line":43,"column":4},"end":{"line":55,"column":5}},"20":{"start":{"line":45,"column":23},"end":{"line":45,"column":46}},"21":{"start":{"line":46,"column":26},"end":{"line":46,"column":36}},"22":{"start":{"line":48,"column":19},"end":{"line":48,"column":90}},"23":{"start":{"line":49,"column":8},"end":{"line":49,"column":null}},"24":{"start":{"line":51,"column":8},"end":{"line":51,"column":null}},"25":{"start":{"line":53,"column":8},"end":{"line":53,"column":null}},"26":{"start":{"line":42,"column":13},"end":{"line":42,"column":31}}},"fnMap":{"0":{"name":"(anonymous_1)","decl":{"start":{"line":10,"column":29},"end":{"line":10,"column":34}},"loc":{"start":{"line":10,"column":67},"end":{"line":24,"column":1}}},"1":{"name":"(anonymous_2)","decl":{"start":{"line":26,"column":26},"end":{"line":26,"column":31}},"loc":{"start":{"line":26,"column":64},"end":{"line":40,"column":1}}},"2":{"name":"(anonymous_3)","decl":{"start":{"line":42,"column":31},"end":{"line":42,"column":36}},"loc":{"start":{"line":42,"column":69},"end":{"line":56,"column":1}}}},"branchMap":{"0":{"loc":{"start":{"line":13,"column":23},"end":{"line":13,"column":46}},"type":"cond-expr","locations":[{"start":{"line":13,"column":32},"end":{"line":13,"column":34}},{"start":{"line":13,"column":32},"end":{"line":13,"column":46}}]},"1":{"loc":{"start":{"line":13,"column":23},"end":{"line":13,"column":34}},"type":"binary-expr","locations":[{"start":{"line":13,"column":23},"end":{"line":13,"column":34}},{"start":{"line":13,"column":32},"end":{"line":13,"column":34}}]},"2":{"loc":{"start":{"line":29,"column":23},"end":{"line":29,"column":46}},"type":"cond-expr","locations":[{"start":{"line":29,"column":32},"end":{"line":29,"column":34}},{"start":{"line":29,"column":32},"end":{"line":29,"column":46}}]},"3":{"loc":{"start":{"line":29,"column":23},"end":{"line":29,"column":34}},"type":"binary-expr","locations":[{"start":{"line":29,"column":23},"end":{"line":29,"column":34}},{"start":{"line":29,"column":32},"end":{"line":29,"column":34}}]},"4":{"loc":{"start":{"line":45,"column":23},"end":{"line":45,"column":46}},"type":"cond-expr","locations":[{"start":{"line":45,"column":32},"end":{"line":45,"column":34}},{"start":{"line":45,"column":32},"end":{"line":45,"column":46}}]},"5":{"loc":{"start":{"line":45,"column":23},"end":{"line":45,"column":34}},"type":"binary-expr","locations":[{"start":{"line":45,"column":23},"end":{"line":45,"column":34}},{"start":{"line":45,"column":32},"end":{"line":45,"column":34}}]}},"s":{"0":2,"1":2,"2":0,"3":0,"4":0,"5":0,"6":0,"7":0,"8":0,"9":2,"10":2,"11":0,"12":0,"13":0,"14":0,"15":0,"16":0,"17":2,"18":2,"19":0,"20":0,"21":0,"22":0,"23":0,"24":0,"25":0,"26":2},"f":{"0":0,"1":0,"2":0},"b":{"0":[0,0],"1":[0,0],"2":[0,0],"3":[0,0],"4":[0,0],"5":[0,0]}}
,"C:\\Users\\user\\Desktop\\programming\\Talky\\backend\\src\\controllers\\postLikes.controller.ts": {"path":"C:\\Users\\user\\Desktop\\programming\\Talky\\backend\\src\\controllers\\postLikes.controller.ts","statementMap":{"0":{"start":{"line":1,"column":0},"end":{"line":1,"column":23}},"1":{"start":{"line":5,"column":0},"end":{"line":5,"column":60}},"2":{"start":{"line":13,"column":29},"end":{"line":40,"column":3}},"3":{"start":{"line":14,"column":4},"end":{"line":39,"column":5}},"4":{"start":{"line":15,"column":15},"end":{"line":15,"column":19}},"5":{"start":{"line":16,"column":19},"end":{"line":16,"column":41}},"6":{"start":{"line":17,"column":23},"end":{"line":17,"column":33}},"7":{"start":{"line":20,"column":25},"end":{"line":20,"column":95}},"8":{"start":{"line":22,"column":6},"end":{"line":24,"column":7}},"9":{"start":{"line":23,"column":8},"end":{"line":23,"column":76}},"10":{"start":{"line":27,"column":34},"end":{"line":27,"column":113}},"11":{"start":{"line":29,"column":6},"end":{"line":36,"column":7}},"12":{"start":{"line":31,"column":8},"end":{"line":31,"column":75}},"13":{"start":{"line":32,"column":8},"end":{"line":32,"column":67}},"14":{"start":{"line":35,"column":8},"end":{"line":35,"column":79}},"15":{"start":{"line":38,"column":6},"end":{"line":38,"column":60}},"16":{"start":{"line":13,"column":13},"end":{"line":13,"column":29}},"17":{"start":{"line":43,"column":29},"end":{"line":64,"column":1}},"18":{"start":{"line":44,"column":4},"end":{"line":63,"column":5}},"19":{"start":{"line":47,"column":25},"end":{"line":47,"column":35}},"20":{"start":{"line":49,"column":28},"end":{"line":49,"column":94}},"21":{"start":{"line":50,"column":12},"end":{"line":50,"column":null}},"22":{"start":{"line":52,"column":12},"end":{"line":54,"column":13}},"23":{"start":{"line":53,"column":16},"end":{"line":53,"column":null}},"24":{"start":{"line":56,"column":40},"end":{"line":56,"column":105}},"25":{"start":{"line":58,"column":12},"end":{"line":58,"column":47}},"26":{"start":{"line":62,"column":8},"end":{"line":62,"column":null}},"27":{"start":{"line":43,"column":13},"end":{"line":43,"column":29}}},"fnMap":{"0":{"name":"(anonymous_1)","decl":{"start":{"line":13,"column":29},"end":{"line":13,"column":34}},"loc":{"start":{"line":13,"column":72},"end":{"line":40,"column":3}}},"1":{"name":"(anonymous_2)","decl":{"start":{"line":43,"column":29},"end":{"line":43,"column":34}},"loc":{"start":{"line":43,"column":67},"end":{"line":64,"column":1}}}},"branchMap":{"0":{"loc":{"start":{"line":16,"column":19},"end":{"line":16,"column":41}},"type":"cond-expr","locations":[{"start":{"line":16,"column":27},"end":{"line":16,"column":29}},{"start":{"line":16,"column":27},"end":{"line":16,"column":41}}]},"1":{"loc":{"start":{"line":16,"column":19},"end":{"line":16,"column":29}},"type":"binary-expr","locations":[{"start":{"line":16,"column":19},"end":{"line":16,"column":29}},{"start":{"line":16,"column":27},"end":{"line":16,"column":29}}]},"2":{"loc":{"start":{"line":22,"column":6},"end":{"line":24,"column":7}},"type":"if","locations":[{"start":{"line":22,"column":6},"end":{"line":24,"column":7}}]},"3":{"loc":{"start":{"line":29,"column":6},"end":{"line":36,"column":7}},"type":"if","locations":[{"start":{"line":29,"column":6},"end":{"line":36,"column":7}},{"start":{"line":33,"column":13},"end":{"line":36,"column":7}}]},"4":{"loc":{"start":{"line":52,"column":12},"end":{"line":54,"column":13}},"type":"if","locations":[{"start":{"line":52,"column":12},"end":{"line":54,"column":13}}]}},"s":{"0":2,"1":2,"2":2,"3":0,"4":0,"5":0,"6":0,"7":0,"8":0,"9":0,"10":0,"11":0,"12":0,"13":0,"14":0,"15":0,"16":2,"17":2,"18":0,"19":0,"20":0,"21":0,"22":0,"23":0,"24":0,"25":0,"26":0,"27":2},"f":{"0":0,"1":0},"b":{"0":[0,0],"1":[0,0],"2":[0],"3":[0,0],"4":[0]}}
,"C:\\Users\\user\\Desktop\\programming\\Talky\\backend\\src\\controllers\\posts.controllers.ts": {"path":"C:\\Users\\user\\Desktop\\programming\\Talky\\backend\\src\\controllers\\posts.controllers.ts","statementMap":{"0":{"start":{"line":1,"column":0},"end":{"line":1,"column":25}},"1":{"start":{"line":5,"column":0},"end":{"line":5,"column":60}},"2":{"start":{"line":16,"column":29},"end":{"line":45,"column":1}},"3":{"start":{"line":17,"column":4},"end":{"line":43,"column":5}},"4":{"start":{"line":18,"column":17},"end":{"line":18,"column":21}},"5":{"start":{"line":19,"column":21},"end":{"line":19,"column":44}},"6":{"start":{"line":20,"column":47},"end":{"line":20,"column":55}},"7":{"start":{"line":21,"column":8},"end":{"line":21,"column":null}},"8":{"start":{"line":23,"column":8},"end":{"line":25,"column":11}},"9":{"start":{"line":24,"column":12},"end":{"line":24,"column":82}},"10":{"start":{"line":27,"column":21},"end":{"line":33,"column":10}},"11":{"start":{"line":35,"column":8},"end":{"line":35,"column":28}},"12":{"start":{"line":36,"column":8},"end":{"line":36,"column":null}},"13":{"start":{"line":40,"column":8},"end":{"line":40,"column":null}},"14":{"start":{"line":41,"column":8},"end":{"line":41,"column":null}},"15":{"start":{"line":16,"column":13},"end":{"line":16,"column":29}},"16":{"start":{"line":48,"column":26},"end":{"line":66,"column":1}},"17":{"start":{"line":49,"column":4},"end":{"line":64,"column":5}},"18":{"start":{"line":51,"column":46},"end":{"line":51,"column":104}},"19":{"start":{"line":52,"column":8},"end":{"line":54,"column":9}},"20":{"start":{"line":53,"column":12},"end":{"line":53,"column":71}},"21":{"start":{"line":56,"column":8},"end":{"line":56,"column":27}},"22":{"start":{"line":57,"column":8},"end":{"line":57,"column":null}},"23":{"start":{"line":61,"column":8},"end":{"line":61,"column":null}},"24":{"start":{"line":62,"column":8},"end":{"line":62,"column":null}},"25":{"start":{"line":48,"column":13},"end":{"line":48,"column":26}},"26":{"start":{"line":68,"column":30},"end":{"line":87,"column":1}},"27":{"start":{"line":69,"column":4},"end":{"line":85,"column":5}},"28":{"start":{"line":71,"column":19},"end":{"line":71,"column":41}},"29":{"start":{"line":72,"column":47},"end":{"line":72,"column":117}},"30":{"start":{"line":73,"column":8},"end":{"line":75,"column":9}},"31":{"start":{"line":74,"column":12},"end":{"line":74,"column":71}},"32":{"start":{"line":77,"column":8},"end":{"line":77,"column":27}},"33":{"start":{"line":78,"column":8},"end":{"line":78,"column":null}},"34":{"start":{"line":82,"column":8},"end":{"line":82,"column":null}},"35":{"start":{"line":83,"column":8},"end":{"line":83,"column":null}},"36":{"start":{"line":68,"column":13},"end":{"line":68,"column":30}},"37":{"start":{"line":92,"column":26},"end":{"line":113,"column":1}},"38":{"start":{"line":93,"column":4},"end":{"line":112,"column":5}},"39":{"start":{"line":95,"column":23},"end":{"line":95,"column":33}},"40":{"start":{"line":96,"column":23},"end":{"line":96,"column":46}},"41":{"start":{"line":98,"column":24},"end":{"line":98,"column":83}},"42":{"start":{"line":99,"column":8},"end":{"line":99,"column":null}},"43":{"start":{"line":101,"column":8},"end":{"line":103,"column":9}},"44":{"start":{"line":102,"column":12},"end":{"line":102,"column":null}},"45":{"start":{"line":105,"column":8},"end":{"line":105,"column":null}},"46":{"start":{"line":106,"column":8},"end":{"line":106,"column":null}},"47":{"start":{"line":110,"column":8},"end":{"line":110,"column":null}},"48":{"start":{"line":111,"column":8},"end":{"line":111,"column":null}},"49":{"start":{"line":92,"column":13},"end":{"line":92,"column":26}},"50":{"start":{"line":117,"column":25},"end":{"line":134,"column":1}},"51":{"start":{"line":118,"column":4},"end":{"line":133,"column":5}},"52":{"start":{"line":119,"column":17},"end":{"line":119,"column":27}},"53":{"start":{"line":120,"column":42},"end":{"line":120,"column":98}},"54":{"start":{"line":121,"column":53},"end":{"line":121,"column":123}},"55":{"start":{"line":122,"column":8},"end":{"line":122,"column":null}},"56":{"start":{"line":123,"column":8},"end":{"line":126,"column":9}},"57":{"start":{"line":124,"column":12},"end":{"line":124,"column":null}},"58":{"start":{"line":127,"column":8},"end":{"line":127,"column":null}},"59":{"start":{"line":131,"column":8},"end":{"line":131,"column":null}},"60":{"start":{"line":117,"column":13},"end":{"line":117,"column":25}}},"fnMap":{"0":{"name":"(anonymous_1)","decl":{"start":{"line":16,"column":29},"end":{"line":16,"column":34}},"loc":{"start":{"line":16,"column":72},"end":{"line":45,"column":1}}},"1":{"name":"(anonymous_2)","decl":{"start":{"line":48,"column":26},"end":{"line":48,"column":31}},"loc":{"start":{"line":48,"column":69},"end":{"line":66,"column":1}}},"2":{"name":"(anonymous_3)","decl":{"start":{"line":68,"column":30},"end":{"line":68,"column":35}},"loc":{"start":{"line":68,"column":73},"end":{"line":87,"column":1}}},"3":{"name":"(anonymous_4)","decl":{"start":{"line":92,"column":26},"end":{"line":92,"column":31}},"loc":{"start":{"line":92,"column":69},"end":{"line":113,"column":1}}},"4":{"name":"(anonymous_5)","decl":{"start":{"line":117,"column":25},"end":{"line":117,"column":30}},"loc":{"start":{"line":117,"column":60},"end":{"line":134,"column":1}}}},"branchMap":{"0":{"loc":{"start":{"line":19,"column":21},"end":{"line":19,"column":44}},"type":"cond-expr","locations":[{"start":{"line":19,"column":30},"end":{"line":19,"column":32}},{"start":{"line":19,"column":30},"end":{"line":19,"column":44}}]},"1":{"loc":{"start":{"line":19,"column":21},"end":{"line":19,"column":32}},"type":"binary-expr","locations":[{"start":{"line":19,"column":21},"end":{"line":19,"column":32}},{"start":{"line":19,"column":30},"end":{"line":19,"column":32}}]},"2":{"loc":{"start":{"line":23,"column":8},"end":{"line":25,"column":11}},"type":"if","locations":[{"start":{"line":23,"column":8},"end":{"line":25,"column":11}}]},"3":{"loc":{"start":{"line":52,"column":8},"end":{"line":54,"column":9}},"type":"if","locations":[{"start":{"line":52,"column":8},"end":{"line":54,"column":9}}]},"4":{"loc":{"start":{"line":71,"column":19},"end":{"line":71,"column":41}},"type":"cond-expr","locations":[{"start":{"line":71,"column":27},"end":{"line":71,"column":29}},{"start":{"line":71,"column":27},"end":{"line":71,"column":41}}]},"5":{"loc":{"start":{"line":71,"column":19},"end":{"line":71,"column":29}},"type":"binary-expr","locations":[{"start":{"line":71,"column":19},"end":{"line":71,"column":29}},{"start":{"line":71,"column":27},"end":{"line":71,"column":29}}]},"6":{"loc":{"start":{"line":73,"column":8},"end":{"line":75,"column":9}},"type":"if","locations":[{"start":{"line":73,"column":8},"end":{"line":75,"column":9}}]},"7":{"loc":{"start":{"line":96,"column":23},"end":{"line":96,"column":46}},"type":"cond-expr","locations":[{"start":{"line":96,"column":32},"end":{"line":96,"column":34}},{"start":{"line":96,"column":32},"end":{"line":96,"column":46}}]},"8":{"loc":{"start":{"line":96,"column":23},"end":{"line":96,"column":34}},"type":"binary-expr","locations":[{"start":{"line":96,"column":23},"end":{"line":96,"column":34}},{"start":{"line":96,"column":32},"end":{"line":96,"column":34}}]},"9":{"loc":{"start":{"line":101,"column":8},"end":{"line":103,"column":9}},"type":"if","locations":[{"start":{"line":101,"column":8},"end":{"line":103,"column":9}}]},"10":{"loc":{"start":{"line":122,"column":8},"end":{"line":122,"column":103}},"type":"cond-expr","locations":[{"start":{"line":122,"column":13},"end":{"line":122,"column":74}},{"start":{"line":122,"column":75},"end":{"line":122,"column":103}}]},"11":{"loc":{"start":{"line":123,"column":8},"end":{"line":126,"column":9}},"type":"if","locations":[{"start":{"line":123,"column":8},"end":{"line":126,"column":9}}]}},"s":{"0":2,"1":2,"2":2,"3":1,"4":1,"5":1,"6":1,"7":1,"8":1,"9":0,"10":1,"11":1,"12":1,"13":0,"14":0,"15":2,"16":2,"17":0,"18":0,"19":0,"20":0,"21":0,"22":0,"23":0,"24":0,"25":2,"26":2,"27":0,"28":0,"29":0,"30":0,"31":0,"32":0,"33":0,"34":0,"35":0,"36":2,"37":2,"38":0,"39":0,"40":0,"41":0,"42":0,"43":0,"44":0,"45":0,"46":0,"47":0,"48":0,"49":2,"50":2,"51":0,"52":0,"53":0,"54":0,"55":0,"56":0,"57":0,"58":0,"59":0,"60":2},"f":{"0":1,"1":0,"2":0,"3":0,"4":0},"b":{"0":[0,1],"1":[1,1],"2":[0],"3":[0],"4":[0,0],"5":[0,0],"6":[0],"7":[0,0],"8":[0,0],"9":[0],"10":[0,0],"11":[0]}}
,"C:\\Users\\user\\Desktop\\programming\\Talky\\backend\\src\\controllers\\users.controllers.ts": {"path":"C:\\Users\\user\\Desktop\\programming\\Talky\\backend\\src\\controllers\\users.controllers.ts","statementMap":{"0":{"start":{"line":5,"column":0},"end":{"line":5,"column":26}},"1":{"start":{"line":6,"column":0},"end":{"line":6,"column":28}},"2":{"start":{"line":9,"column":0},"end":{"line":9,"column":31}},"3":{"start":{"line":11,"column":0},"end":{"line":11,"column":60}},"4":{"start":{"line":15,"column":0},"end":{"line":15,"column":51}},"5":{"start":{"line":16,"column":0},"end":{"line":16,"column":21}},"6":{"start":{"line":17,"column":0},"end":{"line":17,"column":52}},"7":{"start":{"line":23,"column":22},"end":{"line":65,"column":1}},"8":{"start":{"line":24,"column":2},"end":{"line":64,"column":3}},"9":{"start":{"line":25,"column":50},"end":{"line":25,"column":58}},"10":{"start":{"line":40,"column":13},"end":{"line":40,"column":17}},"11":{"start":{"line":41,"column":22},"end":{"line":41,"column":52}},"12":{"start":{"line":43,"column":17},"end":{"line":49,"column":6}},"13":{"start":{"line":50,"column":4},"end":{"line":50,"column":24}},"14":{"start":{"line":51,"column":4},"end":{"line":59,"column":5}},"15":{"start":{"line":52,"column":6},"end":{"line":54,"column":null}},"16":{"start":{"line":56,"column":6},"end":{"line":58,"column":null}},"17":{"start":{"line":63,"column":4},"end":{"line":63,"column":null}},"18":{"start":{"line":23,"column":13},"end":{"line":23,"column":22}},"19":{"start":{"line":68,"column":25},"end":{"line":98,"column":1}},"20":{"start":{"line":69,"column":2},"end":{"line":97,"column":3}},"21":{"start":{"line":71,"column":30},"end":{"line":71,"column":38}},"22":{"start":{"line":73,"column":16},"end":{"line":73,"column":80}},"23":{"start":{"line":74,"column":4},"end":{"line":74,"column":null}},"24":{"start":{"line":80,"column":50},"end":{"line":80,"column":67}},"25":{"start":{"line":80,"column":36},"end":{"line":80,"column":41}},"26":{"start":{"line":80,"column":45},"end":{"line":80,"column":50}},"27":{"start":{"line":81,"column":4},"end":{"line":81,"column":null}},"28":{"start":{"line":83,"column":23},"end":{"line":83,"column":69}},"29":{"start":{"line":84,"column":4},"end":{"line":84,"column":null}},"30":{"start":{"line":85,"column":4},"end":{"line":87,"column":5}},"31":{"start":{"line":86,"column":6},"end":{"line":86,"column":68}},"32":{"start":{"line":88,"column":18},"end":{"line":90,"column":6}},"33":{"start":{"line":91,"column":4},"end":{"line":91,"column":23}},"34":{"start":{"line":93,"column":4},"end":{"line":93,"column":107}},"35":{"start":{"line":96,"column":4},"end":{"line":96,"column":null}},"36":{"start":{"line":68,"column":13},"end":{"line":68,"column":25}},"37":{"start":{"line":100,"column":28},"end":{"line":113,"column":1}},"38":{"start":{"line":101,"column":2},"end":{"line":112,"column":3}},"39":{"start":{"line":102,"column":19},"end":{"line":102,"column":29}},"40":{"start":{"line":103,"column":28},"end":{"line":103,"column":92}},"41":{"start":{"line":104,"column":4},"end":{"line":106,"column":5}},"42":{"start":{"line":105,"column":6},"end":{"line":105,"column":64}},"43":{"start":{"line":108,"column":4},"end":{"line":108,"column":null}},"44":{"start":{"line":110,"column":4},"end":{"line":110,"column":null}},"45":{"start":{"line":100,"column":13},"end":{"line":100,"column":28}},"46":{"start":{"line":115,"column":31},"end":{"line":129,"column":1}},"47":{"start":{"line":116,"column":2},"end":{"line":128,"column":3}},"48":{"start":{"line":117,"column":15},"end":{"line":117,"column":39}},"49":{"start":{"line":118,"column":4},"end":{"line":118,"column":null}},"50":{"start":{"line":119,"column":29},"end":{"line":119,"column":93}},"51":{"start":{"line":120,"column":4},"end":{"line":122,"column":5}},"52":{"start":{"line":121,"column":6},"end":{"line":121,"column":64}},"53":{"start":{"line":123,"column":4},"end":{"line":123,"column":null}},"54":{"start":{"line":124,"column":4},"end":{"line":124,"column":null}},"55":{"start":{"line":126,"column":4},"end":{"line":126,"column":null}},"56":{"start":{"line":115,"column":13},"end":{"line":115,"column":31}},"57":{"start":{"line":132,"column":27},"end":{"line":152,"column":1}},"58":{"start":{"line":133,"column":2},"end":{"line":151,"column":3}},"59":{"start":{"line":134,"column":27},"end":{"line":134,"column":39}},"60":{"start":{"line":135,"column":32},"end":{"line":135,"column":84}},"61":{"start":{"line":136,"column":4},"end":{"line":136,"column":23}},"62":{"start":{"line":137,"column":4},"end":{"line":139,"column":5}},"63":{"start":{"line":138,"column":6},"end":{"line":138,"column":null}},"64":{"start":{"line":141,"column":4},"end":{"line":141,"column":61}},"65":{"start":{"line":141,"column":33},"end":{"line":141,"column":59}},"66":{"start":{"line":142,"column":4},"end":{"line":142,"column":null}},"67":{"start":{"line":145,"column":4},"end":{"line":145,"column":null}},"68":{"start":{"line":149,"column":4},"end":{"line":149,"column":null}},"69":{"start":{"line":132,"column":13},"end":{"line":132,"column":27}},"70":{"start":{"line":155,"column":26},"end":{"line":175,"column":1}},"71":{"start":{"line":156,"column":2},"end":{"line":174,"column":3}},"72":{"start":{"line":157,"column":13},"end":{"line":157,"column":36}},"73":{"start":{"line":158,"column":61},"end":{"line":158,"column":69}},"74":{"start":{"line":162,"column":21},"end":{"line":162,"column":91}},"75":{"start":{"line":163,"column":4},"end":{"line":166,"column":5}},"76":{"start":{"line":164,"column":6},"end":{"line":164,"column":74}},"77":{"start":{"line":168,"column":4},"end":{"line":168,"column":null}},"78":{"start":{"line":169,"column":4},"end":{"line":169,"column":null}},"79":{"start":{"line":173,"column":4},"end":{"line":173,"column":null}},"80":{"start":{"line":155,"column":13},"end":{"line":155,"column":26}},"81":{"start":{"line":177,"column":30},"end":{"line":239,"column":1}},"82":{"start":{"line":178,"column":2},"end":{"line":238,"column":3}},"83":{"start":{"line":180,"column":22},"end":{"line":180,"column":30}},"84":{"start":{"line":182,"column":4},"end":{"line":184,"column":5}},"85":{"start":{"line":183,"column":6},"end":{"line":183,"column":null}},"86":{"start":{"line":188,"column":32},"end":{"line":188,"column":127}},"87":{"start":{"line":189,"column":4},"end":{"line":189,"column":null}},"88":{"start":{"line":191,"column":4},"end":{"line":230,"column":5}},"89":{"start":{"line":192,"column":26},"end":{"line":200,"column":8}},"90":{"start":{"line":201,"column":20},"end":{"line":201,"column":127}},"91":{"start":{"line":204,"column":6},"end":{"line":204,"column":108}},"92":{"start":{"line":205,"column":35},"end":{"line":205,"column":130}},"93":{"start":{"line":206,"column":6},"end":{"line":206,"column":null}},"94":{"start":{"line":207,"column":24},"end":{"line":207,"column":65}},"95":{"start":{"line":209,"column":6},"end":{"line":223,"column":null}},"96":{"start":{"line":210,"column":8},"end":{"line":213,"column":9}},"97":{"start":{"line":211,"column":10},"end":{"line":211,"column":null}},"98":{"start":{"line":212,"column":10},"end":{"line":212,"column":null}},"99":{"start":{"line":215,"column":31},"end":{"line":215,"column":53}},"100":{"start":{"line":217,"column":8},"end":{"line":217,"column":null}},"101":{"start":{"line":219,"column":8},"end":{"line":219,"column":null}},"102":{"start":{"line":220,"column":8},"end":{"line":220,"column":null}},"103":{"start":{"line":231,"column":4},"end":{"line":231,"column":null}},"104":{"start":{"line":237,"column":4},"end":{"line":237,"column":null}},"105":{"start":{"line":177,"column":13},"end":{"line":177,"column":30}},"106":{"start":{"line":241,"column":29},"end":{"line":274,"column":1}},"107":{"start":{"line":243,"column":2},"end":{"line":272,"column":3}},"108":{"start":{"line":245,"column":39},"end":{"line":245,"column":47}},"109":{"start":{"line":246,"column":4},"end":{"line":246,"column":null}},"110":{"start":{"line":249,"column":4},"end":{"line":251,"column":5}},"111":{"start":{"line":250,"column":6},"end":{"line":250,"column":null}},"112":{"start":{"line":254,"column":27},"end":{"line":254,"column":61}},"113":{"start":{"line":257,"column":19},"end":{"line":257,"column":103}},"114":{"start":{"line":261,"column":4},"end":{"line":263,"column":5}},"115":{"start":{"line":262,"column":6},"end":{"line":262,"column":75}},"116":{"start":{"line":265,"column":4},"end":{"line":265,"column":161}},"117":{"start":{"line":268,"column":4},"end":{"line":268,"column":null}},"118":{"start":{"line":271,"column":4},"end":{"line":271,"column":null}},"119":{"start":{"line":241,"column":13},"end":{"line":241,"column":29}}},"fnMap":{"0":{"name":"(anonymous_2)","decl":{"start":{"line":23,"column":22},"end":{"line":23,"column":27}},"loc":{"start":{"line":23,"column":60},"end":{"line":65,"column":1}}},"1":{"name":"(anonymous_3)","decl":{"start":{"line":68,"column":25},"end":{"line":68,"column":30}},"loc":{"start":{"line":68,"column":63},"end":{"line":98,"column":1}}},"2":{"name":"(anonymous_4)","decl":{"start":{"line":100,"column":28},"end":{"line":100,"column":33}},"loc":{"start":{"line":100,"column":71},"end":{"line":113,"column":1}}},"3":{"name":"(anonymous_5)","decl":{"start":{"line":115,"column":31},"end":{"line":115,"column":36}},"loc":{"start":{"line":115,"column":74},"end":{"line":129,"column":1}}},"4":{"name":"(anonymous_6)","decl":{"start":{"line":132,"column":27},"end":{"line":132,"column":32}},"loc":{"start":{"line":132,"column":70},"end":{"line":152,"column":1}}},"5":{"name":"(anonymous_7)","decl":{"start":{"line":141,"column":25},"end":{"line":141,"column":29}},"loc":{"start":{"line":141,"column":33},"end":{"line":141,"column":59}}},"6":{"name":"(anonymous_8)","decl":{"start":{"line":155,"column":26},"end":{"line":155,"column":31}},"loc":{"start":{"line":155,"column":69},"end":{"line":175,"column":1}}},"7":{"name":"(anonymous_9)","decl":{"start":{"line":177,"column":30},"end":{"line":177,"column":35}},"loc":{"start":{"line":177,"column":68},"end":{"line":239,"column":1}}},"8":{"name":"(anonymous_10)","decl":{"start":{"line":209,"column":122},"end":{"line":209,"column":127}},"loc":{"start":{"line":209,"column":147},"end":{"line":223,"column":7}}},"9":{"name":"(anonymous_11)","decl":{"start":{"line":241,"column":29},"end":{"line":241,"column":34}},"loc":{"start":{"line":241,"column":67},"end":{"line":274,"column":1}}}},"branchMap":{"0":{"loc":{"start":{"line":51,"column":4},"end":{"line":59,"column":5}},"type":"if","locations":[{"start":{"line":51,"column":4},"end":{"line":59,"column":5}},{"start":{"line":55,"column":11},"end":{"line":59,"column":5}}]},"1":{"loc":{"start":{"line":85,"column":4},"end":{"line":87,"column":5}},"type":"if","locations":[{"start":{"line":85,"column":4},"end":{"line":87,"column":5}}]},"2":{"loc":{"start":{"line":104,"column":4},"end":{"line":106,"column":5}},"type":"if","locations":[{"start":{"line":104,"column":4},"end":{"line":106,"column":5}}]},"3":{"loc":{"start":{"line":117,"column":15},"end":{"line":117,"column":39}},"type":"cond-expr","locations":[{"start":{"line":117,"column":24},"end":{"line":117,"column":26}},{"start":{"line":117,"column":24},"end":{"line":117,"column":39}}]},"4":{"loc":{"start":{"line":117,"column":15},"end":{"line":117,"column":26}},"type":"binary-expr","locations":[{"start":{"line":117,"column":15},"end":{"line":117,"column":26}},{"start":{"line":117,"column":24},"end":{"line":117,"column":26}}]},"5":{"loc":{"start":{"line":118,"column":16},"end":{"line":118,"column":29}},"type":"cond-expr","locations":[{"start":{"line":118,"column":25},"end":{"line":118,"column":27}},{"start":{"line":118,"column":25},"end":{"line":118,"column":29}}]},"6":{"loc":{"start":{"line":118,"column":16},"end":{"line":118,"column":27}},"type":"binary-expr","locations":[{"start":{"line":118,"column":16},"end":{"line":118,"column":27}},{"start":{"line":118,"column":25},"end":{"line":118,"column":27}}]},"7":{"loc":{"start":{"line":120,"column":4},"end":{"line":122,"column":5}},"type":"if","locations":[{"start":{"line":120,"column":4},"end":{"line":122,"column":5}}]},"8":{"loc":{"start":{"line":134,"column":27},"end":{"line":134,"column":39}},"type":"cond-expr","locations":[{"start":{"line":134,"column":35},"end":{"line":134,"column":37}},{"start":{"line":134,"column":35},"end":{"line":134,"column":39}}]},"9":{"loc":{"start":{"line":134,"column":27},"end":{"line":134,"column":37}},"type":"binary-expr","locations":[{"start":{"line":134,"column":27},"end":{"line":134,"column":37}},{"start":{"line":134,"column":35},"end":{"line":134,"column":37}}]},"10":{"loc":{"start":{"line":137,"column":4},"end":{"line":139,"column":5}},"type":"if","locations":[{"start":{"line":137,"column":4},"end":{"line":139,"column":5}}]},"11":{"loc":{"start":{"line":157,"column":13},"end":{"line":157,"column":36}},"type":"cond-expr","locations":[{"start":{"line":157,"column":21},"end":{"line":157,"column":23}},{"start":{"line":157,"column":21},"end":{"line":157,"column":36}}]},"12":{"loc":{"start":{"line":157,"column":13},"end":{"line":157,"column":23}},"type":"binary-expr","locations":[{"start":{"line":157,"column":13},"end":{"line":157,"column":23}},{"start":{"line":157,"column":21},"end":{"line":157,"column":23}}]},"13":{"loc":{"start":{"line":163,"column":4},"end":{"line":166,"column":5}},"type":"if","locations":[{"start":{"line":163,"column":4},"end":{"line":166,"column":5}}]},"14":{"loc":{"start":{"line":182,"column":4},"end":{"line":184,"column":5}},"type":"if","locations":[{"start":{"line":182,"column":4},"end":{"line":184,"column":5}}]},"15":{"loc":{"start":{"line":191,"column":4},"end":{"line":230,"column":5}},"type":"if","locations":[{"start":{"line":191,"column":4},"end":{"line":230,"column":5}}]},"16":{"loc":{"start":{"line":210,"column":8},"end":{"line":213,"column":9}},"type":"if","locations":[{"start":{"line":210,"column":8},"end":{"line":213,"column":9}}]},"17":{"loc":{"start":{"line":249,"column":4},"end":{"line":251,"column":5}},"type":"if","locations":[{"start":{"line":249,"column":4},"end":{"line":251,"column":5}}]},"18":{"loc":{"start":{"line":261,"column":4},"end":{"line":263,"column":5}},"type":"if","locations":[{"start":{"line":261,"column":4},"end":{"line":263,"column":5}}]}},"s":{"0":2,"1":2,"2":2,"3":2,"4":2,"5":2,"6":2,"7":2,"8":1,"9":1,"10":1,"11":1,"12":1,"13":0,"14":0,"15":0,"16":0,"17":1,"18":2,"19":2,"20":3,"21":3,"22":3,"23":3,"24":3,"25":3,"26":3,"27":3,"28":3,"29":3,"30":3,"31":0,"32":3,"33":3,"34":3,"35":0,"36":2,"37":2,"38":0,"39":0,"40":0,"41":0,"42":0,"43":0,"44":0,"45":2,"46":2,"47":0,"48":0,"49":0,"50":0,"51":0,"52":0,"53":0,"54":0,"55":0,"56":2,"57":2,"58":0,"59":0,"60":0,"61":0,"62":0,"63":0,"64":0,"65":0,"66":0,"67":0,"68":0,"69":2,"70":2,"71":0,"72":0,"73":0,"74":0,"75":0,"76":0,"77":0,"78":0,"79":0,"80":2,"81":2,"82":0,"83":0,"84":0,"85":0,"86":0,"87":0,"88":0,"89":0,"90":0,"91":0,"92":0,"93":0,"94":0,"95":0,"96":0,"97":0,"98":0,"99":0,"100":0,"101":0,"102":0,"103":0,"104":0,"105":2,"106":2,"107":0,"108":0,"109":0,"110":0,"111":0,"112":0,"113":0,"114":0,"115":0,"116":0,"117":0,"118":0,"119":2},"f":{"0":1,"1":3,"2":0,"3":0,"4":0,"5":0,"6":0,"7":0,"8":0,"9":0},"b":{"0":[0,0],"1":[0],"2":[0],"3":[0,0],"4":[0,0],"5":[0,0],"6":[0,0],"7":[0],"8":[0,0],"9":[0,0],"10":[0],"11":[0,0],"12":[0,0],"13":[0],"14":[0],"15":[0],"16":[0],"17":[0],"18":[0]}}
,"C:\\Users\\user\\Desktop\\programming\\Talky\\backend\\src\\helpers\\dbConnection.helper.ts": {"path":"C:\\Users\\user\\Desktop\\programming\\Talky\\backend\\src\\helpers\\dbConnection.helper.ts","statementMap":{"0":{"start":{"line":1,"column":0},"end":{"line":1,"column":26}},"1":{"start":{"line":2,"column":0},"end":{"line":2,"column":46}},"2":{"start":{"line":32,"column":21},"end":{"line":32,"column":77}},"3":{"start":{"line":34,"column":23},"end":{"line":34,"column":45}},"4":{"start":{"line":36,"column":8},"end":{"line":38,"column":9}},"5":{"start":{"line":37,"column":12},"end":{"line":37,"column":null}},"6":{"start":{"line":39,"column":22},"end":{"line":39,"column":60}},"7":{"start":{"line":40,"column":8},"end":{"line":40,"column":null}},"8":{"start":{"line":46,"column":21},"end":{"line":46,"column":77}},"9":{"start":{"line":47,"column":24},"end":{"line":47,"column":65}},"10":{"start":{"line":49,"column":8},"end":{"line":49,"column":null}},"11":{"start":{"line":4,"column":1},"end":{"line":4,"column":22}}},"fnMap":{"0":{"name":"(anonymous_1)","decl":{"start":{"line":30,"column":2},"end":{"line":30,"column":8}},"loc":{"start":{"line":30,"column":85},"end":{"line":41,"column":5}}},"1":{"name":"(anonymous_2)","decl":{"start":{"line":43,"column":3},"end":{"line":43,"column":9}},"loc":{"start":{"line":43,"column":40},"end":{"line":51,"column":5}}}},"branchMap":{"0":{"loc":{"start":{"line":30,"column":46},"end":{"line":30,"column":85}},"type":"default-arg","locations":[{"start":{"line":30,"column":83},"end":{"line":30,"column":85}}]}},"s":{"0":2,"1":2,"2":5,"3":5,"4":5,"5":15,"6":5,"7":4,"8":0,"9":0,"10":0,"11":2},"f":{"0":5,"1":0},"b":{"0":[0]}}
,"C:\\Users\\user\\Desktop\\programming\\Talky\\backend\\src\\helpers\\nodeMailer.helper.ts": {"path":"C:\\Users\\user\\Desktop\\programming\\Talky\\backend\\src\\helpers\\nodeMailer.helper.ts","statementMap":{"0":{"start":{"line":1,"column":0},"end":{"line":1,"column":35}},"1":{"start":{"line":2,"column":0},"end":{"line":2,"column":48}},"2":{"start":{"line":14,"column":8},"end":{"line":16,"column":9}},"3":{"start":{"line":15,"column":12},"end":{"line":15,"column":47}},"4":{"start":{"line":17,"column":8},"end":{"line":17,"column":null}},"5":{"start":{"line":21,"column":56},"end":{"line":26,"column":null}},"6":{"start":{"line":28,"column":8},"end":{"line":28,"column":null}},"7":{"start":{"line":32,"column":28},"end":{"line":32,"column":62}},"8":{"start":{"line":33,"column":56},"end":{"line":33,"column":112}},"9":{"start":{"line":35,"column":21},"end":{"line":35,"column":63}},"10":{"start":{"line":37,"column":8},"end":{"line":37,"column":null}},"11":{"start":{"line":6,"column":0},"end":{"line":6,"column":21}}},"fnMap":{"0":{"name":"(anonymous_1)","decl":{"start":{"line":10,"column":4},"end":{"line":10,"column":null}},"loc":{"start":{"line":10,"column":4},"end":{"line":11,"column":5}}},"1":{"name":"(anonymous_2)","decl":{"start":{"line":13,"column":11},"end":{"line":13,"column":17}},"loc":{"start":{"line":13,"column":29},"end":{"line":18,"column":5}}},"2":{"name":"(anonymous_3)","decl":{"start":{"line":20,"column":12},"end":{"line":20,"column":18}},"loc":{"start":{"line":20,"column":86},"end":{"line":29,"column":5}}},"3":{"name":"(anonymous_4)","decl":{"start":{"line":31,"column":4},"end":{"line":31,"column":9}},"loc":{"start":{"line":31,"column":64},"end":{"line":38,"column":5}}}},"branchMap":{"0":{"loc":{"start":{"line":14,"column":8},"end":{"line":16,"column":9}},"type":"if","locations":[{"start":{"line":14,"column":8},"end":{"line":16,"column":9}}]},"1":{"loc":{"start":{"line":22,"column":18},"end":{"line":22,"column":75}},"type":"binary-expr","locations":[{"start":{"line":22,"column":18},"end":{"line":22,"column":56}},{"start":{"line":22,"column":60},"end":{"line":22,"column":75}}]}},"s":{"0":2,"1":2,"2":0,"3":0,"4":0,"5":0,"6":0,"7":0,"8":0,"9":0,"10":0,"11":2},"f":{"0":0,"1":0,"2":0,"3":0},"b":{"0":[0],"1":[0,0]}}
,"C:\\Users\\user\\Desktop\\programming\\Talky\\backend\\src\\middlewares\\verifyToken.ts": {"path":"C:\\Users\\user\\Desktop\\programming\\Talky\\backend\\src\\middlewares\\verifyToken.ts","statementMap":{"0":{"start":{"line":1,"column":0},"end":{"line":1,"column":28}},"1":{"start":{"line":3,"column":0},"end":{"line":3,"column":31}},"2":{"start":{"line":6,"column":0},"end":{"line":6,"column":16}},"3":{"start":{"line":12,"column":27},"end":{"line":42,"column":1}},"4":{"start":{"line":18,"column":2},"end":{"line":38,"column":3}},"5":{"start":{"line":19,"column":18},"end":{"line":19,"column":48}},"6":{"start":{"line":20,"column":4},"end":{"line":24,"column":5}},"7":{"start":{"line":21,"column":6},"end":{"line":23,"column":9}},"8":{"start":{"line":26,"column":28},"end":{"line":26,"column":87}},"9":{"start":{"line":28,"column":4},"end":{"line":28,"column":31}},"10":{"start":{"line":29,"column":4},"end":{"line":31,"column":5}},"11":{"start":{"line":30,"column":6},"end":{"line":30,"column":null}},"12":{"start":{"line":35,"column":4},"end":{"line":37,"column":7}},"13":{"start":{"line":39,"column":2},"end":{"line":39,"column":null}},"14":{"start":{"line":12,"column":13},"end":{"line":12,"column":27}},"15":{"start":{"line":44,"column":30},"end":{"line":48,"column":1}},"16":{"start":{"line":45,"column":16},"end":{"line":45,"column":37}},"17":{"start":{"line":46,"column":2},"end":{"line":46,"column":56}},"18":{"start":{"line":46,"column":15},"end":{"line":46,"column":43}},"19":{"start":{"line":46,"column":43},"end":{"line":46,"column":56}},"20":{"start":{"line":47,"column":2},"end":{"line":47,"column":null}},"21":{"start":{"line":44,"column":13},"end":{"line":44,"column":30}},"22":{"start":{"line":50,"column":28},"end":{"line":55,"column":1}},"23":{"start":{"line":51,"column":14},"end":{"line":51,"column":42}},"24":{"start":{"line":52,"column":2},"end":{"line":52,"column":27}},"25":{"start":{"line":52,"column":14},"end":{"line":52,"column":27}},"26":{"start":{"line":53,"column":2},"end":{"line":53,"column":null}},"27":{"start":{"line":50,"column":13},"end":{"line":50,"column":28}}},"fnMap":{"0":{"name":"(anonymous_1)","decl":{"start":{"line":12,"column":27},"end":{"line":12,"column":null}},"loc":{"start":{"line":17,"column":4},"end":{"line":42,"column":1}}},"1":{"name":"(anonymous_2)","decl":{"start":{"line":44,"column":30},"end":{"line":44,"column":31}},"loc":{"start":{"line":44,"column":83},"end":{"line":48,"column":1}}},"2":{"name":"(anonymous_3)","decl":{"start":{"line":50,"column":28},"end":{"line":50,"column":29}},"loc":{"start":{"line":50,"column":79},"end":{"line":55,"column":1}}}},"branchMap":{"0":{"loc":{"start":{"line":15,"column":2},"end":{"line":15,"column":34}},"type":"default-arg","locations":[{"start":{"line":15,"column":29},"end":{"line":15,"column":34}}]},"1":{"loc":{"start":{"line":20,"column":4},"end":{"line":24,"column":5}},"type":"if","locations":[{"start":{"line":20,"column":4},"end":{"line":24,"column":5}}]},"2":{"loc":{"start":{"line":29,"column":4},"end":{"line":31,"column":5}},"type":"if","locations":[{"start":{"line":29,"column":4},"end":{"line":31,"column":5}}]},"3":{"loc":{"start":{"line":29,"column":7},"end":{"line":29,"column":51}},"type":"binary-expr","locations":[{"start":{"line":29,"column":7},"end":{"line":29,"column":16}},{"start":{"line":29,"column":18},"end":{"line":29,"column":51}}]},"4":{"loc":{"start":{"line":46,"column":2},"end":{"line":46,"column":56}},"type":"if","locations":[{"start":{"line":46,"column":2},"end":{"line":46,"column":56}}]},"5":{"loc":{"start":{"line":52,"column":2},"end":{"line":52,"column":27}},"type":"if","locations":[{"start":{"line":52,"column":2},"end":{"line":52,"column":27}}]}},"s":{"0":2,"1":2,"2":2,"3":2,"4":4,"5":4,"6":4,"7":2,"8":2,"9":1,"10":1,"11":0,"12":1,"13":1,"14":2,"15":2,"16":4,"17":4,"18":3,"19":3,"20":1,"21":2,"22":2,"23":0,"24":0,"25":0,"26":0,"27":2},"f":{"0":4,"1":4,"2":0},"b":{"0":[4],"1":[2],"2":[0],"3":[1,0],"4":[3],"5":[0]}}
,"C:\\Users\\user\\Desktop\\programming\\Talky\\backend\\src\\routes\\comment.routes.ts": {"path":"C:\\Users\\user\\Desktop\\programming\\Talky\\backend\\src\\routes\\comment.routes.ts","statementMap":{"0":{"start":{"line":1,"column":0},"end":{"line":1,"column":33}},"1":{"start":{"line":2,"column":0},"end":{"line":2,"column":135}},"2":{"start":{"line":3,"column":0},"end":{"line":3,"column":61}},"3":{"start":{"line":9,"column":22},"end":{"line":9,"column":30}},"4":{"start":{"line":10,"column":0},"end":{"line":10,"column":null}},"5":{"start":{"line":11,"column":0},"end":{"line":11,"column":null}},"6":{"start":{"line":12,"column":0},"end":{"line":12,"column":null}},"7":{"start":{"line":13,"column":0},"end":{"line":13,"column":64}},"8":{"start":{"line":14,"column":0},"end":{"line":14,"column":67}},"9":{"start":{"line":20,"column":0},"end":{"line":20,"column":null}}},"fnMap":{},"branchMap":{},"s":{"0":2,"1":2,"2":2,"3":2,"4":2,"5":2,"6":2,"7":2,"8":2,"9":2},"f":{},"b":{}}
,"C:\\Users\\user\\Desktop\\programming\\Talky\\backend\\src\\routes\\commentLikes.routes.ts": {"path":"C:\\Users\\user\\Desktop\\programming\\Talky\\backend\\src\\routes\\commentLikes.routes.ts","statementMap":{"0":{"start":{"line":1,"column":0},"end":{"line":1,"column":33}},"1":{"start":{"line":3,"column":0},"end":{"line":3,"column":61}},"2":{"start":{"line":4,"column":0},"end":{"line":4,"column":95}},"3":{"start":{"line":10,"column":27},"end":{"line":10,"column":35}},"4":{"start":{"line":12,"column":0},"end":{"line":12,"column":null}},"5":{"start":{"line":14,"column":0},"end":{"line":14,"column":null}},"6":{"start":{"line":19,"column":0},"end":{"line":19,"column":null}}},"fnMap":{},"branchMap":{},"s":{"0":2,"1":2,"2":2,"3":2,"4":2,"5":2,"6":2},"f":{},"b":{}}
,"C:\\Users\\user\\Desktop\\programming\\Talky\\backend\\src\\routes\\followers.routes.ts": {"path":"C:\\Users\\user\\Desktop\\programming\\Talky\\backend\\src\\routes\\followers.routes.ts","statementMap":{"0":{"start":{"line":1,"column":0},"end":{"line":1,"column":33}},"1":{"start":{"line":2,"column":0},"end":{"line":2,"column":102}},"2":{"start":{"line":3,"column":0},"end":{"line":3,"column":61}},"3":{"start":{"line":8,"column":21},"end":{"line":8,"column":29}},"4":{"start":{"line":10,"column":0},"end":{"line":10,"column":69}},"5":{"start":{"line":11,"column":0},"end":{"line":11,"column":null}},"6":{"start":{"line":12,"column":0},"end":{"line":12,"column":null}},"7":{"start":{"line":16,"column":0},"end":{"line":16,"column":null}}},"fnMap":{},"branchMap":{},"s":{"0":2,"1":2,"2":2,"3":2,"4":2,"5":2,"6":2,"7":2},"f":{},"b":{}}
,"C:\\Users\\user\\Desktop\\programming\\Talky\\backend\\src\\routes\\postLike.routes.ts": {"path":"C:\\Users\\user\\Desktop\\programming\\Talky\\backend\\src\\routes\\postLike.routes.ts","statementMap":{"0":{"start":{"line":1,"column":0},"end":{"line":1,"column":33}},"1":{"start":{"line":2,"column":0},"end":{"line":2,"column":85}},"2":{"start":{"line":3,"column":0},"end":{"line":3,"column":61}},"3":{"start":{"line":7,"column":21},"end":{"line":7,"column":29}},"4":{"start":{"line":9,"column":0},"end":{"line":9,"column":62}},"5":{"start":{"line":10,"column":0},"end":{"line":10,"column":null}},"6":{"start":{"line":15,"column":0},"end":{"line":15,"column":null}}},"fnMap":{},"branchMap":{},"s":{"0":2,"1":2,"2":2,"3":2,"4":2,"5":2,"6":2},"f":{},"b":{}}
,"C:\\Users\\user\\Desktop\\programming\\Talky\\backend\\src\\routes\\posts.routes.ts": {"path":"C:\\Users\\user\\Desktop\\programming\\Talky\\backend\\src\\routes\\posts.routes.ts","statementMap":{"0":{"start":{"line":1,"column":0},"end":{"line":1,"column":33}},"1":{"start":{"line":3,"column":0},"end":{"line":3,"column":61}},"2":{"start":{"line":4,"column":0},"end":{"line":4,"column":117}},"3":{"start":{"line":10,"column":20},"end":{"line":10,"column":28}},"4":{"start":{"line":12,"column":0},"end":{"line":12,"column":null}},"5":{"start":{"line":13,"column":0},"end":{"line":13,"column":null}},"6":{"start":{"line":14,"column":0},"end":{"line":14,"column":null}},"7":{"start":{"line":15,"column":0},"end":{"line":15,"column":null}},"8":{"start":{"line":16,"column":0},"end":{"line":16,"column":null}},"9":{"start":{"line":22,"column":0},"end":{"line":22,"column":null}}},"fnMap":{},"branchMap":{},"s":{"0":2,"1":2,"2":2,"3":2,"4":2,"5":2,"6":2,"7":2,"8":2,"9":2},"f":{},"b":{}}
,"C:\\Users\\user\\Desktop\\programming\\Talky\\backend\\src\\routes\\users.routes.ts": {"path":"C:\\Users\\user\\Desktop\\programming\\Talky\\backend\\src\\routes\\users.routes.ts","statementMap":{"0":{"start":{"line":1,"column":0},"end":{"line":1,"column":33}},"1":{"start":{"line":2,"column":0},"end":{"line":2,"column":156}},"2":{"start":{"line":3,"column":0},"end":{"line":3,"column":61}},"3":{"start":{"line":8,"column":19},"end":{"line":8,"column":27}},"4":{"start":{"line":10,"column":0},"end":{"line":10,"column":null}},"5":{"start":{"line":11,"column":0},"end":{"line":11,"column":null}},"6":{"start":{"line":12,"column":0},"end":{"line":12,"column":null}},"7":{"start":{"line":13,"column":0},"end":{"line":13,"column":59}},"8":{"start":{"line":14,"column":0},"end":{"line":14,"column":null}},"9":{"start":{"line":15,"column":0},"end":{"line":15,"column":null}},"10":{"start":{"line":16,"column":0},"end":{"line":16,"column":null}},"11":{"start":{"line":17,"column":0},"end":{"line":17,"column":null}},"12":{"start":{"line":24,"column":0},"end":{"line":24,"column":null}}},"fnMap":{},"branchMap":{},"s":{"0":2,"1":2,"2":2,"3":2,"4":2,"5":2,"6":2,"7":2,"8":2,"9":2,"10":2,"11":2,"12":2},"f":{},"b":{}}
}
