TN:
SF:src\index.ts
FN:22,(anonymous_7)
FN:36,(anonymous_8)
FNF:2
FNH:1
FNDA:0,(anonymous_7)
FNDA:1,(anonymous_8)
DA:1,2
DA:2,2
DA:6,2
DA:7,2
DA:8,2
DA:9,2
DA:10,2
DA:11,2
DA:14,2
DA:16,2
DA:17,2
DA:18,2
DA:22,2
DA:23,0
DA:26,2
DA:27,2
DA:28,2
DA:29,2
DA:30,2
DA:31,2
DA:36,2
DA:37,1
DA:40,2
LF:23
LH:22
BRF:0
BRH:0
end_of_record
TN:
SF:src\config\dbConfig.ts
FNF:0
FNH:0
DA:1,2
DA:3,2
DA:7,2
LF:3
LH:3
BRF:0
BRH:0
end_of_record
TN:
SF:src\config\nodeMailer.config.ts
FNF:0
FNH:0
DA:1,2
DA:4,2
DA:7,2
DA:18,2
LF:4
LH:4
BRDA:13,0,0,2
BRDA:13,0,1,0
BRDA:14,1,0,2
BRDA:14,1,1,0
BRF:4
BRH:2
end_of_record
TN:
SF:src\controllers\comments.controllers.ts
FN:12,(anonymous_1)
FN:44,(anonymous_2)
FN:64,(anonymous_3)
FN:85,(anonymous_4)
FN:100,(anonymous_5)
FNF:5
FNH:0
FNDA:0,(anonymous_1)
FNDA:0,(anonymous_2)
FNDA:0,(anonymous_3)
FNDA:0,(anonymous_4)
FNDA:0,(anonymous_5)
DA:1,2
DA:5,2
DA:12,2
DA:13,0
DA:14,0
DA:15,0
DA:16,0
DA:18,0
DA:19,0
DA:21,0
DA:22,0
DA:25,0
DA:26,0
DA:28,0
DA:29,0
DA:32,0
DA:33,0
DA:34,0
DA:37,0
DA:44,2
DA:45,0
DA:46,0
DA:48,0
DA:49,0
DA:50,0
DA:52,0
DA:53,0
DA:54,0
DA:57,0
DA:64,2
DA:65,0
DA:66,0
DA:68,0
DA:69,0
DA:71,0
DA:72,0
DA:75,0
DA:76,0
DA:78,0
DA:80,0
DA:85,2
DA:86,0
DA:87,0
DA:88,0
DA:89,0
DA:91,0
DA:93,0
DA:100,2
DA:101,0
DA:102,0
DA:103,0
DA:104,0
DA:105,0
DA:106,0
DA:109,0
DA:110,0
DA:111,0
DA:116,0
LF:58
LH:7
BRDA:15,0,0,0
BRDA:15,0,1,0
BRDA:15,1,0,0
BRDA:15,1,1,0
BRDA:21,2,0,0
BRDA:28,3,0,0
BRDA:48,4,0,0
BRDA:48,4,1,0
BRDA:48,5,0,0
BRDA:48,5,1,0
BRDA:71,6,0,0
BRDA:76,7,0,0
BRDA:89,8,0,0
BRDA:102,9,0,0
BRDA:102,9,1,0
BRDA:102,10,0,0
BRDA:102,10,1,0
BRDA:106,11,0,0
BRF:18
BRH:0
end_of_record
TN:
SF:src\controllers\commentsLikes.controller.ts
FN:11,(anonymous_1)
FN:27,(anonymous_2)
FNF:2
FNH:0
FNDA:0,(anonymous_1)
FNDA:0,(anonymous_2)
DA:1,2
DA:5,2
DA:11,2
DA:12,0
DA:13,0
DA:14,0
DA:15,0
DA:17,0
DA:19,0
DA:23,0
DA:27,2
DA:28,0
DA:31,0
DA:33,0
DA:35,0
DA:39,0
LF:16
LH:4
BRDA:14,0,0,0
BRDA:14,0,1,0
BRDA:14,1,0,0
BRDA:14,1,1,0
BRF:4
BRH:0
end_of_record
TN:
SF:src\controllers\follower.controller.ts
FN:10,(anonymous_1)
FN:26,(anonymous_2)
FN:42,(anonymous_3)
FNF:3
FNH:0
FNDA:0,(anonymous_1)
FNDA:0,(anonymous_2)
FNDA:0,(anonymous_3)
DA:4,2
DA:10,2
DA:11,0
DA:13,0
DA:14,0
DA:16,0
DA:17,0
DA:19,0
DA:21,0
DA:26,2
DA:27,0
DA:29,0
DA:32,0
DA:33,0
DA:35,0
DA:37,0
DA:42,2
DA:43,0
DA:45,0
DA:46,0
DA:48,0
DA:49,0
DA:51,0
DA:53,0
LF:24
LH:4
BRDA:13,0,0,0
BRDA:13,0,1,0
BRDA:13,1,0,0
BRDA:13,1,1,0
BRDA:29,2,0,0
BRDA:29,2,1,0
BRDA:29,3,0,0
BRDA:29,3,1,0
BRDA:45,4,0,0
BRDA:45,4,1,0
BRDA:45,5,0,0
BRDA:45,5,1,0
BRF:12
BRH:0
end_of_record
TN:
SF:src\controllers\postLikes.controller.ts
FN:13,(anonymous_1)
FN:43,(anonymous_2)
FNF:2
FNH:0
FNDA:0,(anonymous_1)
FNDA:0,(anonymous_2)
DA:1,2
DA:5,2
DA:13,2
DA:14,0
DA:15,0
DA:16,0
DA:17,0
DA:20,0
DA:22,0
DA:23,0
DA:27,0
DA:29,0
DA:31,0
DA:32,0
DA:35,0
DA:38,0
DA:43,2
DA:44,0
DA:47,0
DA:49,0
DA:50,0
DA:52,0
DA:53,0
DA:56,0
DA:58,0
DA:62,0
LF:26
LH:4
BRDA:16,0,0,0
BRDA:16,0,1,0
BRDA:16,1,0,0
BRDA:16,1,1,0
BRDA:22,2,0,0
BRDA:29,3,0,0
BRDA:29,3,1,0
BRDA:52,4,0,0
BRF:8
BRH:0
end_of_record
TN:
SF:src\controllers\posts.controllers.ts
FN:16,(anonymous_1)
FN:48,(anonymous_2)
FN:68,(anonymous_3)
FN:92,(anonymous_4)
FN:117,(anonymous_5)
FNF:5
FNH:1
FNDA:1,(anonymous_1)
FNDA:0,(anonymous_2)
FNDA:0,(anonymous_3)
FNDA:0,(anonymous_4)
FNDA:0,(anonymous_5)
DA:1,2
DA:5,2
DA:16,2
DA:17,1
DA:18,1
DA:19,1
DA:20,1
DA:21,1
DA:23,1
DA:24,0
DA:27,1
DA:35,1
DA:36,1
DA:40,0
DA:41,0
DA:48,2
DA:49,0
DA:51,0
DA:52,0
DA:53,0
DA:56,0
DA:57,0
DA:61,0
DA:62,0
DA:68,2
DA:69,0
DA:71,0
DA:72,0
DA:73,0
DA:74,0
DA:77,0
DA:78,0
DA:82,0
DA:83,0
DA:92,2
DA:93,0
DA:95,0
DA:96,0
DA:98,0
DA:99,0
DA:101,0
DA:102,0
DA:105,0
DA:106,0
DA:110,0
DA:111,0
DA:117,2
DA:118,0
DA:119,0
DA:120,0
DA:121,0
DA:122,0
DA:123,0
DA:124,0
DA:127,0
DA:131,0
LF:56
LH:16
BRDA:19,0,0,0
BRDA:19,0,1,1
BRDA:19,1,0,1
BRDA:19,1,1,1
BRDA:23,2,0,0
BRDA:52,3,0,0
BRDA:71,4,0,0
BRDA:71,4,1,0
BRDA:71,5,0,0
BRDA:71,5,1,0
BRDA:73,6,0,0
BRDA:96,7,0,0
BRDA:96,7,1,0
BRDA:96,8,0,0
BRDA:96,8,1,0
BRDA:101,9,0,0
BRDA:122,10,0,0
BRDA:122,10,1,0
BRDA:123,11,0,0
BRF:19
BRH:3
end_of_record
TN:
SF:src\controllers\users.controllers.ts
FN:23,(anonymous_2)
FN:68,(anonymous_3)
FN:100,(anonymous_4)
FN:115,(anonymous_5)
FN:132,(anonymous_6)
FN:141,(anonymous_7)
FN:155,(anonymous_8)
FN:177,(anonymous_9)
FN:209,(anonymous_10)
FN:241,(anonymous_11)
FNF:10
FNH:2
FNDA:1,(anonymous_2)
FNDA:3,(anonymous_3)
FNDA:0,(anonymous_4)
FNDA:0,(anonymous_5)
FNDA:0,(anonymous_6)
FNDA:0,(anonymous_7)
FNDA:0,(anonymous_8)
FNDA:0,(anonymous_9)
FNDA:0,(anonymous_10)
FNDA:0,(anonymous_11)
DA:5,2
DA:6,2
DA:9,2
DA:11,2
DA:15,2
DA:16,2
DA:17,2
DA:23,2
DA:24,1
DA:25,1
DA:40,1
DA:41,1
DA:43,1
DA:50,0
DA:51,0
DA:52,0
DA:56,0
DA:63,1
DA:68,2
DA:69,3
DA:71,3
DA:73,3
DA:74,3
DA:80,3
DA:81,3
DA:83,3
DA:84,3
DA:85,3
DA:86,0
DA:88,3
DA:91,3
DA:93,3
DA:96,0
DA:100,2
DA:101,0
DA:102,0
DA:103,0
DA:104,0
DA:105,0
DA:108,0
DA:110,0
DA:115,2
DA:116,0
DA:117,0
DA:118,0
DA:119,0
DA:120,0
DA:121,0
DA:123,0
DA:124,0
DA:126,0
DA:132,2
DA:133,0
DA:134,0
DA:135,0
DA:136,0
DA:137,0
DA:138,0
DA:141,0
DA:142,0
DA:145,0
DA:149,0
DA:155,2
DA:156,0
DA:157,0
DA:158,0
DA:162,0
DA:163,0
DA:164,0
DA:168,0
DA:169,0
DA:173,0
DA:177,2
DA:178,0
DA:180,0
DA:182,0
DA:183,0
DA:188,0
DA:189,0
DA:191,0
DA:192,0
DA:201,0
DA:204,0
DA:205,0
DA:206,0
DA:207,0
DA:209,0
DA:210,0
DA:211,0
DA:212,0
DA:215,0
DA:217,0
DA:219,0
DA:220,0
DA:231,0
DA:237,0
DA:241,2
DA:243,0
DA:245,0
DA:246,0
DA:249,0
DA:250,0
DA:254,0
DA:257,0
DA:261,0
DA:262,0
DA:265,0
DA:268,0
DA:271,0
LF:109
LH:33
BRDA:51,0,0,0
BRDA:51,0,1,0
BRDA:85,1,0,0
BRDA:104,2,0,0
BRDA:117,3,0,0
BRDA:117,3,1,0
BRDA:117,4,0,0
BRDA:117,4,1,0
BRDA:118,5,0,0
BRDA:118,5,1,0
BRDA:118,6,0,0
BRDA:118,6,1,0
BRDA:120,7,0,0
BRDA:134,8,0,0
BRDA:134,8,1,0
BRDA:134,9,0,0
BRDA:134,9,1,0
BRDA:137,10,0,0
BRDA:157,11,0,0
BRDA:157,11,1,0
BRDA:157,12,0,0
BRDA:157,12,1,0
BRDA:163,13,0,0
BRDA:182,14,0,0
BRDA:191,15,0,0
BRDA:210,16,0,0
BRDA:249,17,0,0
BRDA:261,18,0,0
BRF:28
BRH:0
end_of_record
TN:
SF:src\helpers\dbConnection.helper.ts
FN:30,(anonymous_1)
FN:43,(anonymous_2)
FNF:2
FNH:1
FNDA:5,(anonymous_1)
FNDA:0,(anonymous_2)
DA:1,2
DA:2,2
DA:4,2
DA:32,5
DA:34,5
DA:36,5
DA:37,15
DA:39,5
DA:40,4
DA:46,0
DA:47,0
DA:49,0
LF:12
LH:9
BRDA:30,0,0,0
BRF:1
BRH:0
end_of_record
TN:
SF:src\helpers\nodeMailer.helper.ts
FN:10,(anonymous_1)
FN:13,(anonymous_2)
FN:20,(anonymous_3)
FN:31,(anonymous_4)
FNF:4
FNH:0
FNDA:0,(anonymous_1)
FNDA:0,(anonymous_2)
FNDA:0,(anonymous_3)
FNDA:0,(anonymous_4)
DA:1,2
DA:2,2
DA:6,2
DA:14,0
DA:15,0
DA:17,0
DA:21,0
DA:28,0
DA:32,0
DA:33,0
DA:35,0
DA:37,0
LF:12
LH:3
BRDA:14,0,0,0
BRDA:22,1,0,0
BRDA:22,1,1,0
BRF:3
BRH:0
end_of_record
TN:
SF:src\middlewares\verifyToken.ts
FN:12,(anonymous_1)
FN:44,(anonymous_2)
FN:50,(anonymous_3)
FNF:3
FNH:2
FNDA:4,(anonymous_1)
FNDA:4,(anonymous_2)
FNDA:0,(anonymous_3)
DA:1,2
DA:3,2
DA:6,2
DA:12,2
DA:18,4
DA:19,4
DA:20,4
DA:21,2
DA:26,2
DA:28,1
DA:29,1
DA:30,0
DA:35,1
DA:39,1
DA:44,2
DA:45,4
DA:46,4
DA:47,1
DA:50,2
DA:51,0
DA:52,0
DA:53,0
LF:22
LH:18
BRDA:15,0,0,4
BRDA:20,1,0,2
BRDA:29,2,0,0
BRDA:29,3,0,1
BRDA:29,3,1,0
BRDA:46,4,0,3
BRDA:52,5,0,0
BRF:7
BRH:4
end_of_record
TN:
SF:src\routes\comment.routes.ts
FNF:0
FNH:0
DA:1,2
DA:2,2
DA:3,2
DA:9,2
DA:10,2
DA:11,2
DA:12,2
DA:13,2
DA:14,2
DA:20,2
LF:10
LH:10
BRF:0
BRH:0
end_of_record
TN:
SF:src\routes\commentLikes.routes.ts
FNF:0
FNH:0
DA:1,2
DA:3,2
DA:4,2
DA:10,2
DA:12,2
DA:14,2
DA:19,2
LF:7
LH:7
BRF:0
BRH:0
end_of_record
TN:
SF:src\routes\followers.routes.ts
FNF:0
FNH:0
DA:1,2
DA:2,2
DA:3,2
DA:8,2
DA:10,2
DA:11,2
DA:12,2
DA:16,2
LF:8
LH:8
BRF:0
BRH:0
end_of_record
TN:
SF:src\routes\postLike.routes.ts
FNF:0
FNH:0
DA:1,2
DA:2,2
DA:3,2
DA:7,2
DA:9,2
DA:10,2
DA:15,2
LF:7
LH:7
BRF:0
BRH:0
end_of_record
TN:
SF:src\routes\posts.routes.ts
FNF:0
FNH:0
DA:1,2
DA:3,2
DA:4,2
DA:10,2
DA:12,2
DA:13,2
DA:14,2
DA:15,2
DA:16,2
DA:22,2
LF:10
LH:10
BRF:0
BRH:0
end_of_record
TN:
SF:src\routes\users.routes.ts
FNF:0
FNH:0
DA:1,2
DA:2,2
DA:3,2
DA:8,2
DA:10,2
DA:11,2
DA:12,2
DA:13,2
DA:14,2
DA:15,2
DA:16,2
DA:17,2
DA:24,2
LF:13
LH:13
BRF:0
BRH:0
end_of_record
